<?xml version="1.0" encoding="UTF-8"?>
<!-- Generated by org.testng.reporters.JUnitReportReporter -->
<testsuite hostname="IITMSPC120" failures="0" tests="1" name="RFCCAcademicTest.SL_Academic_SR_UploadFitnessCertificateTest" time="66.319" errors="0" timestamp="2025-01-20T20:36:13 IST" skipped="0">
  <testcase classname="RFCCAcademicTest.SL_Academic_SR_UploadFitnessCertificateTest" name="sL_Academic_SR_UploadFitnessCertificateTest" time="66.319"/>
</testsuite> <!-- RFCCAcademicTest.SL_Academic_SR_UploadFitnessCertificateTest -->
