<?xml version="1.0" encoding="UTF-8"?>
<!-- Generated by org.testng.reporters.JUnitReportReporter -->
<testsuite hostname="IITMSPC120" failures="0" tests="1" name="AdministrationTest.AL_Administration_VM_Trans_FuelIndentEntryTest" time="112.642" errors="0" timestamp="2025-01-03T21:26:49 IST" skipped="0">
  <testcase classname="AdministrationTest.AL_Administration_VM_Trans_FuelIndentEntryTest" name="aL_Administration_VM_Trans_FuelIndentEntryTest" time="112.642"/>
</testsuite> <!-- AdministrationTest.AL_Administration_VM_Trans_FuelIndentEntryTest -->
