<?xml version="1.0" encoding="UTF-8"?>
<!-- Generated by org.testng.reporters.JUnitReportReporter -->
<testsuite hostname="IITMSPC120" failures="0" tests="1" name="RFCCAcademicTest.FL_Academic_FR_TPE_CoreElectiveTeachingPlanTest" time="87.245" errors="0" timestamp="2025-01-20T20:36:13 IST" skipped="0">
  <testcase classname="RFCCAcademicTest.FL_Academic_FR_TPE_CoreElectiveTeachingPlanTest" name="fL_Academic_FR_TPE_CoreElectiveTeachingPlanTest" time="87.245"/>
</testsuite> <!-- RFCCAcademicTest.FL_Academic_FR_TPE_CoreElectiveTeachingPlanTest -->
