<?xml version="1.0" encoding="UTF-8"?>
<!-- Generated by org.testng.reporters.JUnitReportReporter -->
<testsuite hostname="IITMSPC120" failures="0" tests="1" name="EstablishmentTest.AL_Establishment_Trans_DirectLeaveApprovalRejectTest" time="65.888" errors="0" timestamp="2024-11-19T16:14:00 IST" skipped="0">
  <testcase classname="EstablishmentTest.AL_Establishment_Trans_DirectLeaveApprovalRejectTest" name="aL_Establishment_Trans_LeaveApprovalRejectTest" time="65.888"/>
</testsuite> <!-- EstablishmentTest.AL_Establishment_Trans_DirectLeaveApprovalRejectTest -->
