<?xml version="1.0" encoding="UTF-8"?>
<!-- Generated by org.testng.reporters.JUnitReportReporter -->
<testsuite hostname="IITMSPC120" failures="0" tests="1" name="DashboardTest.AL_Dashboard_Analytics_DashboardTest" time="38.773" errors="0" timestamp="2025-01-03T21:26:49 IST" skipped="0">
  <testcase classname="DashboardTest.AL_Dashboard_Analytics_DashboardTest" name="aL_Dashboard_Analytics_DashboardTest" time="38.773"/>
</testsuite> <!-- DashboardTest.AL_Dashboard_Analytics_DashboardTest -->
