<?xml version="1.0" encoding="UTF-8"?>
<!-- Generated by org.testng.reporters.JUnitReportReporter -->
<testsuite hostname="IITMSPC120" failures="0" tests="1" name="RFCCAcademicTest.AL_Academic_AR_StudentAdmissionRegisterReportTest" time="62.133" errors="0" timestamp="2025-01-21T10:15:56 IST" skipped="0">
  <testcase classname="RFCCAcademicTest.AL_Academic_AR_StudentAdmissionRegisterReportTest" name="aL_Academic_AR_StudentAdmissionRegisterReportTest" time="62.133"/>
</testsuite> <!-- RFCCAcademicTest.AL_Academic_AR_StudentAdmissionRegisterReportTest -->
