<?xml version="1.0" encoding="UTF-8"?>
<!-- Generated by org.testng.reporters.JUnitReportReporter -->
<testsuite hostname="IITMSPC120" failures="0" tests="1" name="AdministrationTest.AL_Administration_SRM_Trans_ServiceRegistrationTest" time="63.360" errors="0" timestamp="2025-01-03T21:26:49 IST" skipped="0">
  <testcase classname="AdministrationTest.AL_Administration_SRM_Trans_ServiceRegistrationTest" name="aL_Administration_SRM_Trans_ServiceRegistrationTest" time="63.360"/>
</testsuite> <!-- AdministrationTest.AL_Administration_SRM_Trans_ServiceRegistrationTest -->
