<?xml version="1.0" encoding="UTF-8"?>
<!-- Generated by org.testng.reporters.JUnitReportReporter -->
<testsuite hostname="IITMSPC120" failures="0" tests="1" name="ELearningTest.FL_ELearning_Trans_CreateAnnouncementTest" time="107.162" errors="0" timestamp="2025-01-15T12:39:05 IST" skipped="0">
  <testcase classname="ELearningTest.FL_ELearning_Trans_CreateAnnouncementTest" name="fL_ELearning_Trans_CreateAnnouncementTest" time="107.162"/>
</testsuite> <!-- ELearningTest.FL_ELearning_Trans_CreateAnnouncementTest -->
