<?xml version="1.0" encoding="UTF-8"?>
<!-- Generated by org.testng.reporters.JUnitReportReporter -->
<testsuite hostname="IITMSPC120" failures="0" tests="1" name="ExaminationTest.AL_Examination_ER_AllExamMarkEntryStatusTest" time="51.742" errors="0" timestamp="2025-01-15T10:15:30 IST" skipped="0">
  <testcase classname="ExaminationTest.AL_Examination_ER_AllExamMarkEntryStatusTest" name="aL_Examination_ER_AllExamMarkEntryStatusTest" time="51.742"/>
</testsuite> <!-- ExaminationTest.AL_Examination_ER_AllExamMarkEntryStatusTest -->
