<?xml version="1.0" encoding="UTF-8"?>
<!-- Generated by org.testng.reporters.JUnitReportReporter -->
<testsuite hostname="IITMSPC120" failures="0" tests="1" name="ExaminationTest.AL_Examination_ER_StudentTopperList_MeritListTest" time="59.057" errors="0" timestamp="2025-01-15T10:15:30 IST" skipped="0">
  <testcase classname="ExaminationTest.AL_Examination_ER_StudentTopperList_MeritListTest" name="aL_Examination_ER_StudentTopperList_MeritList" time="59.057"/>
</testsuite> <!-- ExaminationTest.AL_Examination_ER_StudentTopperList_MeritListTest -->
