<?xml version="1.0" encoding="UTF-8"?>
<!-- Generated by org.testng.reporters.JUnitReportReporter -->
<testsuite hostname="IITMSPC120" failures="0" tests="1" name="ExaminationTest.AL_Examination_AS_EvaluationStaffEntry" time="47.794" errors="0" timestamp="2025-01-15T10:15:30 IST" skipped="0">
  <testcase classname="ExaminationTest.AL_Examination_AS_EvaluationStaffEntry" name="aL_Examination_AS_EvaluationStaffEntry" time="47.794"/>
</testsuite> <!-- ExaminationTest.AL_Examination_AS_EvaluationStaffEntry -->
