<?xml version="1.0" encoding="UTF-8"?>
<!-- Generated by org.testng.reporters.JUnitReportReporter -->
<testsuite hostname="IITMSPC120" failures="0" tests="1" name="CDCTest.AL_CDC_Reports_StudentCategoryReportTest" time="44.254" errors="0" timestamp="2025-01-03T21:26:49 IST" skipped="0">
  <testcase classname="CDCTest.AL_CDC_Reports_StudentCategoryReportTest" name="aL_CDC_Reports_StudentPlacementReportTest" time="44.254"/>
</testsuite> <!-- CDCTest.AL_CDC_Reports_StudentCategoryReportTest -->
