<?xml version="1.0" encoding="UTF-8"?>
<!-- Generated by org.testng.reporters.JUnitReportReporter -->
<testsuite hostname="IITMSPC120" failures="0" tests="1" name="HostelTest.AL_Hostel_Transaction_ChangeHostelRoomAllotmentTests" time="87.448" errors="0" timestamp="2025-01-08T15:59:31 IST" skipped="0">
  <testcase classname="HostelTest.AL_Hostel_Transaction_ChangeHostelRoomAllotmentTests" name="ChangeHostelRoomAllotment" time="87.448"/>
</testsuite> <!-- HostelTest.AL_Hostel_Transaction_ChangeHostelRoomAllotmentTests -->
