<?xml version="1.0" encoding="UTF-8"?>
<!-- Generated by org.testng.reporters.JUnitReportReporter -->
<testsuite hostname="IITMSPC79" failures="0" tests="1" name="RFCCAcademicTest.AL_Academic_FRR_RefunReportTest" time="80.649" errors="0" timestamp="2025-06-06T12:12:45 IST" skipped="0">
  <testcase classname="RFCCAcademicTest.AL_Academic_FRR_RefunReportTest" name="aL_Academic_FRR_RefunReportTest" time="80.649"/>
</testsuite> <!-- RFCCAcademicTest.AL_Academic_FRR_RefunReportTest -->
