<?xml version="1.0" encoding="UTF-8"?>
<!-- Generated by org.testng.reporters.JUnitReportReporter -->
<testsuite hostname="IITMSPC120" failures="0" tests="1" name="ExaminationTest.AL_Examination_ER_ExamReports_SubjectWiseResultAnalysisReportTest" time="178.359" errors="0" timestamp="2025-01-15T16:17:41 IST" skipped="0">
  <testcase classname="ExaminationTest.AL_Examination_ER_ExamReports_SubjectWiseResultAnalysisReportTest" name="aL_Examination_ER_ExamReports_SubjectWiseResultAnalysisReportTest" time="178.359"/>
</testsuite> <!-- ExaminationTest.AL_Examination_ER_ExamReports_SubjectWiseResultAnalysisReportTest -->
