<?xml version="1.0" encoding="UTF-8"?>
<!-- Generated by org.testng.reporters.JUnitReportReporter -->
<testsuite hostname="IITMSPC79" failures="0" tests="1" name="StoresTest.AL_Stores_Rpt_FAR_SummeryTest" time="77.250" errors="0" timestamp="2025-06-06T11:46:37 IST" skipped="0">
  <testcase classname="StoresTest.AL_Stores_Rpt_FAR_SummeryTest" name="aL_Stores_Rpt_FAR_SummeryTest" time="77.250"/>
</testsuite> <!-- StoresTest.AL_Stores_Rpt_FAR_SummeryTest -->
