<?xml version="1.0" encoding="UTF-8"?>
<!-- Generated by org.testng.reporters.JUnitReportReporter -->
<testsuite hostname="IITMSLP232" failures="0" tests="1" name="EstablishmentTest.AL_Establishment_Rpt_ODAndLeaveSummaryReportTest" time="132.804" errors="0" timestamp="2025-01-21T16:14:23 IST" skipped="0">
  <testcase classname="EstablishmentTest.AL_Establishment_Rpt_ODAndLeaveSummaryReportTest" name="aL_Establishment_Rpt_ODAndLeaveSummaryReportTest" time="132.804"/>
</testsuite> <!-- EstablishmentTest.AL_Establishment_Rpt_ODAndLeaveSummaryReportTest -->
