<?xml version="1.0" encoding="UTF-8"?>
<!-- Generated by org.testng.reporters.JUnitReportReporter -->
<testsuite hostname="IITMSPC120" failures="0" tests="1" name="RFCCAcademicTest.AL_Academic_SR_UploadFitnessCertificateTest" time="57.239" errors="0" timestamp="2025-01-20T20:36:14 IST" skipped="0">
  <testcase classname="RFCCAcademicTest.AL_Academic_SR_UploadFitnessCertificateTest" name="aL_Academic_SR_UploadFitnessCertificateTest" time="57.239"/>
</testsuite> <!-- RFCCAcademicTest.AL_Academic_SR_UploadFitnessCertificateTest -->
