<?xml version="1.0" encoding="UTF-8"?>
<!-- Generated by org.testng.reporters.JUnitReportReporter -->
<testsuite hostname="IITMSPC120" failures="0" tests="1" name="ExaminationTest.AL_Examination_COE_IGradeEntry_SingleEntryTest" time="47.973" errors="0" timestamp="2025-01-15T10:15:30 IST" skipped="0">
  <testcase classname="ExaminationTest.AL_Examination_COE_IGradeEntry_SingleEntryTest" name="aL_Examination_COE_IGradeEntry_SingleEntryTest" time="47.973"/>
</testsuite> <!-- ExaminationTest.AL_Examination_COE_IGradeEntry_SingleEntryTest -->
