<?xml version="1.0" encoding="UTF-8"?>
<!-- Generated by org.testng.reporters.JUnitReportReporter -->
<testsuite hostname="IITMSPC120" failures="0" tests="1" name="HostelTest.AL_Hostel_Report_PhysicallyHandicappedStudentListTest" time="78.229" errors="0" timestamp="2025-01-03T18:24:46 IST" skipped="0">
  <testcase classname="HostelTest.AL_Hostel_Report_PhysicallyHandicappedStudentListTest" name="aL_Hostel_Report_PhysicallyHandicappedStudentListTest" time="78.229"/>
</testsuite> <!-- HostelTest.AL_Hostel_Report_PhysicallyHandicappedStudentListTest -->
