<?xml version="1.0" encoding="UTF-8"?>
<!-- Generated by org.testng.reporters.JUnitReportReporter -->
<testsuite hostname="IITMSPC120" failures="0" tests="1" name="RFCCAcademicTest.AL_Academic_SR_StudentInformationTest" time="50.553" errors="0" timestamp="2025-01-20T20:36:14 IST" skipped="0">
  <testcase classname="RFCCAcademicTest.AL_Academic_SR_StudentInformationTest" name="aL_Academic_SR_StudentInformationTest" time="50.553"/>
</testsuite> <!-- RFCCAcademicTest.AL_Academic_SR_StudentInformationTest -->
