<?xml version="1.0" encoding="UTF-8"?>
<!-- Generated by org.testng.reporters.JUnitReportReporter -->
<testsuite hostname="IITMSPC120" failures="0" tests="1" name="ConfigurationTest.AL_Configuration_UM_UpdateNewUserLinkTest" time="53.982" errors="0" timestamp="2025-01-03T21:26:49 IST" skipped="0">
  <testcase classname="ConfigurationTest.AL_Configuration_UM_UpdateNewUserLinkTest" name="aL_Configuration_UM_UpdateNewUserLinkTest" time="53.982"/>
</testsuite> <!-- ConfigurationTest.AL_Configuration_UM_UpdateNewUserLinkTest -->
