<?xml version="1.0" encoding="UTF-8"?>
<!-- Generated by org.testng.reporters.JUnitReportReporter -->
<testsuite hostname="IITMSPC120" failures="0" tests="1" name="ExaminationTest.AL_Examination_ER_ResultPublicationReportTest" time="67.623" errors="0" timestamp="2024-12-04T10:09:55 IST" skipped="0">
  <testcase classname="ExaminationTest.AL_Examination_ER_ResultPublicationReportTest" name="aL_Examination_ER_ResultPublicationReportTest" time="67.623"/>
</testsuite> <!-- ExaminationTest.AL_Examination_ER_ResultPublicationReportTest -->
