<?xml version="1.0" encoding="UTF-8"?>
<!-- Generated by org.testng.reporters.JUnitReportReporter -->
<testsuite hostname="IITMSPC120" failures="0" tests="1" name="CDCTest.SL_CDC_Trans_TPCategoryUpdateTest" time="96.162" errors="0" timestamp="2024-11-19T16:15:46 IST" skipped="0">
  <testcase classname="CDCTest.SL_CDC_Trans_TPCategoryUpdateTest" name="sL_CDC_Trans_TPCategoryUpdateTest" time="96.162"/>
</testsuite> <!-- CDCTest.SL_CDC_Trans_TPCategoryUpdateTest -->
