<?xml version="1.0" encoding="UTF-8"?>
<!-- Generated by org.testng.reporters.JUnitReportReporter -->
<testsuite hostname="IITMSLP232" failures="0" tests="1" name="EstablishmentTest.AL_Establishment_Rpt_LeaveReport_type_LeaveTest" time="112.548" errors="0" timestamp="2025-01-21T16:14:25 IST" skipped="0">
  <testcase classname="EstablishmentTest.AL_Establishment_Rpt_LeaveReport_type_LeaveTest" name="aL_Establishment_Rpt_LeaveReport_type_LeaveTest" time="112.548"/>
</testsuite> <!-- EstablishmentTest.AL_Establishment_Rpt_LeaveReport_type_LeaveTest -->
