<?xml version="1.0" encoding="UTF-8"?>
<!-- Generated by org.testng.reporters.JUnitReportReporter -->
<testsuite hostname="IITMSPC120" failures="0" tests="1" name="ELearningTest.SL_ELearning_Trans_ViewLectureNotesTest" time="84.671" errors="0" timestamp="2025-01-15T12:39:05 IST" skipped="0">
  <testcase classname="ELearningTest.SL_ELearning_Trans_ViewLectureNotesTest" name="sL_ELearning_Trans_ViewLectureNotesTest" time="84.671"/>
</testsuite> <!-- ELearningTest.SL_ELearning_Trans_ViewLectureNotesTest -->
