<?xml version="1.0" encoding="UTF-8"?>
<!-- Generated by org.testng.reporters.JUnitReportReporter -->
<testsuite hostname="IITMSPC120" failures="0" tests="1" name="FinanceTest.AL_Finance_CreateCompanyTest" time="44.105" errors="0" timestamp="2025-01-03T21:26:49 IST" skipped="0">
  <testcase classname="FinanceTest.AL_Finance_CreateCompanyTest" name="aL_Finance_CreateCompanyTest" time="44.105"/>
</testsuite> <!-- FinanceTest.AL_Finance_CreateCompanyTest -->
