<?xml version="1.0" encoding="UTF-8"?>
<!-- Generated by org.testng.reporters.JUnitReportReporter -->
<testsuite hostname="IITMSPC120" failures="0" tests="1" name="ELearningTest.FL_ELearning_Trans_CreateAssignmentTest" time="175.342" errors="0" timestamp="2025-01-15T12:59:18 IST" skipped="0">
  <testcase classname="ELearningTest.FL_ELearning_Trans_CreateAssignmentTest" name="fL_ELearning_Trans_CreateAssignmentTest" time="175.342"/>
</testsuite> <!-- ELearningTest.FL_ELearning_Trans_CreateAssignmentTest -->
