<?xml version="1.0" encoding="UTF-8"?>
<!-- Generated by org.testng.reporters.JUnitReportReporter -->
<testsuite hostname="IITMSPC120" failures="0" tests="1" name="HostelTest.SL_Hostel_FR_CreateStandardFeeTest" time="135.019" errors="0" timestamp="2024-11-19T15:53:54 IST" skipped="0">
  <testcase classname="HostelTest.SL_Hostel_FR_CreateStandardFeeTest" name="sL_Hostel_FR_CreateStandardFeeTest" time="135.019"/>
</testsuite> <!-- HostelTest.SL_Hostel_FR_CreateStandardFeeTest -->
