<?xml version="1.0" encoding="UTF-8"?>
<!-- Generated by org.testng.reporters.JUnitReportReporter -->
<testsuite hostname="IITMSPC120" failures="0" tests="1" name="RFCCAcademicTest.SL_Academic_SR_OnlinePaymentTest" time="101.450" errors="0" timestamp="2024-12-05T16:04:31 IST" skipped="0">
  <testcase classname="RFCCAcademicTest.SL_Academic_SR_OnlinePaymentTest" name="sL_Academic_SR_OnlinePaymentTest" time="101.450"/>
</testsuite> <!-- RFCCAcademicTest.SL_Academic_SR_OnlinePaymentTest -->
