<?xml version="1.0" encoding="UTF-8"?>
<!-- Generated by org.testng.reporters.JUnitReportReporter -->
<testsuite hostname="IITMSPC120" failures="0" tests="1" name="PayrollTest.AL_Payroll_Rpt_DetailReportTest" time="121.472" errors="0" timestamp="2025-01-15T12:39:05 IST" skipped="0">
  <testcase classname="PayrollTest.AL_Payroll_Rpt_DetailReportTest" name="aL_Payroll_Rpt_DetailReportTest" time="121.472"/>
</testsuite> <!-- PayrollTest.AL_Payroll_Rpt_DetailReportTest -->
