<?xml version="1.0" encoding="UTF-8"?>
<!-- Generated by org.testng.reporters.JUnitReportReporter -->
<testsuite hostname="IITMSPC120" failures="0" tests="1" name="ExaminationTest.AL_Examination_ER_ExamReports_OverallSubPercentTest" time="109.260" errors="0" timestamp="2025-01-15T12:39:05 IST" skipped="0">
  <testcase classname="ExaminationTest.AL_Examination_ER_ExamReports_OverallSubPercentTest" name="aL_Examination_ER_ExamReports_OverallSubPercentTest" time="109.260"/>
</testsuite> <!-- ExaminationTest.AL_Examination_ER_ExamReports_OverallSubPercentTest -->
