<?xml version="1.0" encoding="UTF-8"?>
<!-- Generated by org.testng.reporters.JUnitReportReporter -->
<testsuite hostname="IITMSPC120" failures="0" tests="1" name="StoresTest.AL_Stores_Rpt_ItemWarrantyExpiredReportTest" time="59.851" errors="0" timestamp="2025-01-20T20:36:13 IST" skipped="0">
  <testcase classname="StoresTest.AL_Stores_Rpt_ItemWarrantyExpiredReportTest" name="aL_Stores_Rpt_ItemWarrantyExpiredReportTest" time="59.851"/>
</testsuite> <!-- StoresTest.AL_Stores_Rpt_ItemWarrantyExpiredReportTest -->
