<?xml version="1.0" encoding="UTF-8"?>
<!-- Generated by org.testng.reporters.JUnitReportReporter -->
<testsuite hostname="IITMSPC120" failures="0" tests="1" name="HostelTest.AL_Hostel_FR_HostelDemandCancellationTest" time="51.070" errors="0" timestamp="2025-01-20T19:08:32 IST" skipped="0">
  <testcase classname="HostelTest.AL_Hostel_FR_HostelDemandCancellationTest" name="al_Hostel_FR_HostelDemandModification" time="51.070"/>
</testsuite> <!-- HostelTest.AL_Hostel_FR_HostelDemandCancellationTest -->
