<?xml version="1.0" encoding="UTF-8"?>
<!-- Generated by org.testng.reporters.JUnitReportReporter -->
<testsuite hostname="IITMSPC120" failures="0" tests="1" name="ExaminationTest.FL_Examination_MarkEntry_EndSemMarkEntryTest" time="60.448" errors="0" timestamp="2025-01-15T10:15:30 IST" skipped="0">
  <testcase classname="ExaminationTest.FL_Examination_MarkEntry_EndSemMarkEntryTest" name="fL_Examination_MarkEntry_EndSemMarkEntryTest" time="60.448"/>
</testsuite> <!-- ExaminationTest.FL_Examination_MarkEntry_EndSemMarkEntryTest -->
