<?xml version="1.0" encoding="UTF-8"?>
<!-- Generated by org.testng.reporters.JUnitReportReporter -->
<testsuite hostname="IITMSPC120" failures="0" tests="1" name="PayrollTest.AL_Payroll_Trans_BD_SequenceNumberAllotmentTest" time="79.022" errors="0" timestamp="2025-01-15T10:15:30 IST" skipped="0">
  <testcase classname="PayrollTest.AL_Payroll_Trans_BD_SequenceNumberAllotmentTest" name="aL_Payroll_Trans_BD_SequenceNumberAllotmentTest" time="79.022"/>
</testsuite> <!-- PayrollTest.AL_Payroll_Trans_BD_SequenceNumberAllotmentTest -->
