<?xml version="1.0" encoding="UTF-8"?>
<!-- Generated by org.testng.reporters.JUnitReportReporter -->
<testsuite hostname="IITMSPC120" failures="0" tests="1" name="HostelTest.AL_Hostel_Transaction_GuestRoomAllotmentTests" time="67.630" errors="0" timestamp="2025-01-04T11:25:04 IST" skipped="0">
  <testcase classname="HostelTest.AL_Hostel_Transaction_GuestRoomAllotmentTests" name="al_Hostel_Transaction_GuestRoomAllotment" time="67.630"/>
</testsuite> <!-- HostelTest.AL_Hostel_Transaction_GuestRoomAllotmentTests -->
