<?xml version="1.0" encoding="UTF-8"?>
<!-- Generated by org.testng.reporters.JUnitReportReporter -->
<testsuite hostname="IITMSPC120" failures="0" tests="1" name="EstablishmentTest.AL_Establishment_Reports_LeaveReport_type_LeaveTest" time="69.195" errors="0" timestamp="2025-01-03T21:26:49 IST" skipped="0">
  <testcase classname="EstablishmentTest.AL_Establishment_Reports_LeaveReport_type_LeaveTest" name="aL_Establishment_Reports_LeaveReport_type_LeaveTest" time="69.195"/>
</testsuite> <!-- EstablishmentTest.AL_Establishment_Reports_LeaveReport_type_LeaveTest -->
