<?xml version="1.0" encoding="UTF-8"?>
<!-- Generated by org.testng.reporters.JUnitReportReporter -->
<testsuite hostname="IITMSPC120" failures="0" tests="1" name="RFCCAcademicTest.NewStudentPageTest" time="106.390" errors="0" timestamp="2024-12-04T16:12:05 IST" skipped="0">
  <testcase classname="RFCCAcademicTest.NewStudentPageTest" name="User_Able_To_DirectAdmission_OfNewStudent" time="106.390"/>
</testsuite> <!-- RFCCAcademicTest.NewStudentPageTest -->
