<?xml version="1.0" encoding="UTF-8"?>
<!-- Generated by org.testng.reporters.JUnitReportReporter -->
<testsuite hostname="IITMSPC120" failures="0" tests="1" name="RFCCAcademicTest.SL_Academics_SA_ClubRegistrationFormTests" time="73.596" errors="0" timestamp="2025-01-09T18:18:31 IST" skipped="0">
  <testcase classname="RFCCAcademicTest.SL_Academics_SA_ClubRegistrationFormTests" name="sL_Academics_SA_ClubRegistrationFormTests" time="73.596"/>
</testsuite> <!-- RFCCAcademicTest.SL_Academics_SA_ClubRegistrationFormTests -->
