<?xml version="1.0" encoding="UTF-8"?>
<!-- Generated by org.testng.reporters.JUnitReportReporter -->
<testsuite hostname="IITMSPC120" failures="0" tests="1" name="PayrollTest.AL_Payroll_Rpt_EmployeePaySlipTest" time="80.890" errors="0" timestamp="2025-01-15T10:15:30 IST" skipped="0">
  <testcase classname="PayrollTest.AL_Payroll_Rpt_EmployeePaySlipTest" name="aL_Payroll_Rpt_EmployeePaySlipTest" time="80.890"/>
</testsuite> <!-- PayrollTest.AL_Payroll_Rpt_EmployeePaySlipTest -->
