<?xml version="1.0" encoding="UTF-8"?>
<!-- Generated by org.testng.reporters.JUnitReportReporter -->
<testsuite hostname="IITMSPC120" failures="0" tests="1" name="HostelTest.AL_Hostel_Transaction_CancelRoomAllotmentTests" time="74.410" errors="0" timestamp="2025-01-07T17:49:05 IST" skipped="0">
  <testcase classname="HostelTest.AL_Hostel_Transaction_CancelRoomAllotmentTests" name="CancelRoomAllotment" time="74.410"/>
</testsuite> <!-- HostelTest.AL_Hostel_Transaction_CancelRoomAllotmentTests -->
