<?xml version="1.0" encoding="UTF-8"?>
<!-- Generated by org.testng.reporters.JUnitReportReporter -->
<testsuite hostname="IITMSPC120" failures="0" tests="1" name="PayrollTest.AL_Payroll_Trans_MW_BulkPhotoUpdateTest2" time="79.618" errors="0" timestamp="2024-12-13T17:33:02 IST" skipped="0">
  <testcase classname="PayrollTest.AL_Payroll_Trans_MW_BulkPhotoUpdateTest2" name="aL_Establishment_Trans_EmployeeServiceBookTest" time="79.618"/>
</testsuite> <!-- PayrollTest.AL_Payroll_Trans_MW_BulkPhotoUpdateTest2 -->
