<?xml version="1.0" encoding="UTF-8"?>
<!-- Generated by org.testng.reporters.JUnitReportReporter -->
<testsuite hostname="IITMSPC120" failures="0" tests="1" name="HostelTest.AL_Hostel_HGP_PurposeMasterTest" time="52.684" errors="0" timestamp="2024-11-22T18:52:26 IST" skipped="0">
  <testcase classname="HostelTest.AL_Hostel_HGP_PurposeMasterTest" name="al_Hostel_HGP_PurposeMaster" time="52.684"/>
</testsuite> <!-- HostelTest.AL_Hostel_HGP_PurposeMasterTest -->
