<?xml version="1.0" encoding="UTF-8"?>
<!-- Generated by org.testng.reporters.JUnitReportReporter -->
<testsuite hostname="IITMSPC120" failures="0" tests="1" name="ExaminationTest.AL_Examination_COE_BundleCreationTest" time="98.691" errors="0" timestamp="2025-01-18T12:23:47 IST" skipped="0">
  <testcase classname="ExaminationTest.AL_Examination_COE_BundleCreationTest" name="aL_Examination_COE_BundleCreationTest" time="98.691"/>
</testsuite> <!-- ExaminationTest.AL_Examination_COE_BundleCreationTest -->
