<?xml version="1.0" encoding="UTF-8"?>
<!-- Generated by org.testng.reporters.JUnitReportReporter -->
<testsuite hostname="IITMSPC120" failures="0" tests="1" name="ELearningTest.FL_ELearning_Trans_CreateSyllabusTest" time="96.110" errors="0" timestamp="2025-01-15T10:15:30 IST" skipped="0">
  <testcase classname="ELearningTest.FL_ELearning_Trans_CreateSyllabusTest" name="fL_ELearning_Trans_CreateSyllabusTest" time="96.110"/>
</testsuite> <!-- ELearningTest.FL_ELearning_Trans_CreateSyllabusTest -->
