<?xml version="1.0" encoding="UTF-8"?>
<!-- Generated by org.testng.reporters.JUnitReportReporter -->
<testsuite hostname="IITMSLP232" failures="0" tests="1" name="EstablishmentTest.AL_Establishment_Trans_OrderGenerationTest" time="83.676" errors="0" timestamp="2025-01-21T16:14:20 IST" skipped="0">
  <testcase classname="EstablishmentTest.AL_Establishment_Trans_OrderGenerationTest" name="aL_Establishment_Trans_OrderGenerationTest" time="83.676"/>
</testsuite> <!-- EstablishmentTest.AL_Establishment_Trans_OrderGenerationTest -->
