<?xml version="1.0" encoding="UTF-8"?>
<!-- Generated by org.testng.reporters.JUnitReportReporter -->
<testsuite hostname="IITMSPC120" failures="0" tests="1" name="ELearningTest.SL_ELearning_Trans_SelectCourseTest" time="83.917" errors="0" timestamp="2025-01-15T10:15:30 IST" skipped="0">
  <testcase classname="ELearningTest.SL_ELearning_Trans_SelectCourseTest" name="sL_ELearning_Trans_SelectCourseTest" time="83.917"/>
</testsuite> <!-- ELearningTest.SL_ELearning_Trans_SelectCourseTest -->
