<?xml version="1.0" encoding="UTF-8"?>
<!-- Generated by org.testng.reporters.JUnitReportReporter -->
<testsuite hostname="IITMSPC120" failures="0" tests="1" name="RFCC_Extra.AL_Academic_CR_CoursecreationTest" time="47.728" errors="0" timestamp="2024-11-29T15:24:08 IST" skipped="0">
  <testcase classname="RFCC_Extra.AL_Academic_CR_CoursecreationTest" name="aL_Academic_CR_CoursecreationTest" time="47.728"/>
</testsuite> <!-- RFCC_Extra.AL_Academic_CR_CoursecreationTest -->
