<?xml version="1.0" encoding="UTF-8"?>
<!-- Generated by org.testng.reporters.JUnitReportReporter -->
<testsuite hostname="IITMSLP232" failures="0" tests="1" name="EstablishmentTest.FL_Establishment_Trans_ODApplicationTest" time="88.048" errors="0" timestamp="2025-01-21T16:14:22 IST" skipped="0">
  <testcase classname="EstablishmentTest.FL_Establishment_Trans_ODApplicationTest" name="fL_Establishment_Trans_ODApplicationTest" time="88.048"/>
</testsuite> <!-- EstablishmentTest.FL_Establishment_Trans_ODApplicationTest -->
